\BOOKMARK [1][-]{section*.2}{\376\377\004\020\004\075\004\075\004\076\004\102\004\060\004\106\004\070\004\117}{}% 1
\BOOKMARK [1][-]{section*.3}{\376\377\004\022\004\062\004\065\004\064\004\065\004\075\004\070\004\065}{}% 2
\BOOKMARK [1][-]{section.1}{\376\377\004\036\004\061\004\067\004\076\004\100\000\040\004\073\004\070\004\102\004\065\004\100\004\060\004\102\004\103\004\100\004\113}{}% 3
\BOOKMARK [2][-]{subsection.1.1}{\376\377\004\022\004\076\004\067\004\075\004\070\004\072\004\075\004\076\004\062\004\065\004\075\004\070\004\065\000\040\004\076\004\061\004\103\004\107\004\065\004\075\004\070\004\117\000\040\004\077\004\076\000\040\004\077\004\073\004\060\004\075\004\103}{section.1}% 4
\BOOKMARK [2][-]{subsection.1.2}{\376\377\004\037\004\100\004\070\004\074\004\065\004\075\004\065\004\075\004\070\004\065\000\040\004\076\004\061\004\103\004\107\004\065\004\075\004\070\004\117\000\040\004\077\004\076\000\040\004\077\004\073\004\060\004\075\004\103\000\040\004\062\000\040\004\101\004\074\004\065\004\066\004\075\004\113\004\105\000\040\004\101\004\104\004\065\004\100\004\060\004\105\000\040\004\074\004\060\004\110\004\070\004\075\004\075\004\076\004\063\004\076\000\040\004\076\004\061\004\103\004\107\004\065\004\075\004\070\004\117}{section.1}% 5
\BOOKMARK [2][-]{subsection.1.3}{\376\377\004\037\004\100\004\070\004\074\004\065\004\075\004\065\004\075\004\070\004\065\000\040\004\076\004\061\004\103\004\107\004\065\004\075\004\070\004\117\000\040\004\077\004\076\000\040\004\077\004\073\004\060\004\075\004\103\000\040\004\062\000\040\004\076\004\061\004\100\004\060\004\061\004\076\004\102\004\072\004\065\000\040\004\065\004\101\004\102\004\065\004\101\004\102\004\062\004\065\004\075\004\075\004\076\004\063\004\076\000\040\004\117\004\067\004\113\004\072\004\060}{section.1}% 6
\BOOKMARK [2][-]{subsection.1.4}{\376\377\004\041\004\103\004\111\004\065\004\101\004\102\004\062\004\103\004\116\004\111\004\070\004\065\000\040\004\074\004\065\004\102\004\100\004\070\004\072\004\070\000\040\004\076\004\106\004\065\004\075\004\072\004\070\000\040\004\101\004\073\004\076\004\066\004\075\004\076\004\101\004\102\004\070\000\040\004\102\004\065\004\072\004\101\004\102\004\076\004\062}{section.1}% 7
\BOOKMARK [2][-]{subsection.1.5}{\376\377\004\022\004\113\004\062\004\076\004\064\004\113}{section.1}% 8
\BOOKMARK [1][-]{section.2}{\376\377\004\034\004\065\004\102\004\100\004\070\004\072\004\070\000\040\004\076\004\106\004\065\004\075\004\072\004\070\000\040\004\101\004\073\004\076\004\066\004\075\004\076\004\101\004\102\004\070\000\040\004\102\004\065\004\072\004\101\004\102\004\076\004\062}{}% 9
\BOOKMARK [2][-]{subsection.2.1}{\376\377\004\036\004\077\004\070\004\101\004\060\004\075\004\070\004\065\000\040\004\074\004\065\004\102\004\100\004\070\004\072}{section.2}% 10
\BOOKMARK [2][-]{subsection.2.2}{\376\377\004\020\004\073\004\063\004\076\004\100\004\070\004\102\004\074\004\113\000\040\004\062\004\113\004\107\004\070\004\101\004\073\004\065\004\075\004\070\004\117\000\040\004\074\004\065\004\102\004\100\004\070\004\072}{section.2}% 11
\BOOKMARK [2][-]{subsection.2.3}{\376\377\004\041\004\061\004\076\004\100\000\040\004\101\004\102\004\060\004\102\004\070\004\101\004\102\004\070\004\072}{section.2}% 12
\BOOKMARK [2][-]{subsection.2.4}{\376\377\004\022\004\113\004\062\004\076\004\064\004\113}{section.2}% 13
\BOOKMARK [1][-]{section.3}{\376\377\004\055\004\072\004\101\004\077\004\065\004\100\004\070\004\074\004\065\004\075\004\102\004\113}{}% 14
\BOOKMARK [2][-]{subsection.3.1}{\376\377\004\032\004\076\004\075\004\104\004\070\004\063\004\100\004\103\004\060\004\106\004\070\004\117\000\040\004\115\004\072\004\101\004\077\004\065\004\100\004\070\004\074\004\065\004\075\004\102\004\076\004\062}{section.3}% 15
\BOOKMARK [2][-]{subsection.3.2}{\376\377\004\034\004\065\004\102\004\076\004\064\000\040\004\101\004\100\004\060\004\062\004\075\004\065\004\075\004\070\004\117\000\040\004\074\004\065\004\102\004\100\004\070\004\072}{section.3}% 16
\BOOKMARK [2][-]{subsection.3.3}{\376\377\004\041\004\065\004\074\004\077\004\073\004\065\004\100\004\113}{section.3}% 17
\BOOKMARK [2][-]{subsection.3.4}{\376\377\004\022\004\073\004\070\004\117\004\075\004\070\004\065\000\040\004\076\004\061\004\103\004\107\004\065\004\075\004\070\004\117\000\040\004\077\004\076\000\040\004\077\004\073\004\060\004\075\004\103\000\040\004\075\004\060\000\040\004\067\004\060\004\064\004\060\004\107\004\065\000\040\004\077\004\100\004\065\004\064\004\076\004\061\004\103\004\107\004\065\004\075\004\070\004\117}{section.3}% 18
\BOOKMARK [2][-]{subsection.3.5}{\376\377\004\022\004\073\004\070\004\117\004\075\004\070\004\065\000\040\004\076\004\061\004\103\004\107\004\065\004\075\004\070\004\117\000\040\004\077\004\076\000\040\004\077\004\073\004\060\004\075\004\103\000\040\004\075\004\060\000\040\004\067\004\060\004\064\004\060\004\107\004\065\000\040\004\072\004\073\004\060\004\101\004\101\004\070\004\104\004\070\004\072\004\060\004\106\004\070\004\070}{section.3}% 19
\BOOKMARK [2][-]{subsection.3.6}{\376\377\004\022\004\073\004\070\004\117\004\075\004\070\004\065\000\040\004\076\004\061\004\103\004\107\004\065\004\075\004\070\004\117\000\040\004\077\004\076\000\040\004\077\004\073\004\060\004\075\004\103\000\040\004\075\004\060\000\040\004\110\004\103\004\074\004\075\004\076\004\074\000\040\004\072\004\076\004\100\004\077\004\103\004\101\004\065\000\040\004\064\004\060\004\075\004\075\004\113\004\105}{section.3}% 20
\BOOKMARK [2][-]{subsection.3.7}{\376\377\004\022\004\113\004\062\004\076\004\064\004\113}{section.3}% 21
\BOOKMARK [1][-]{section*.7}{\376\377\004\027\004\060\004\072\004\073\004\116\004\107\004\065\004\075\004\070\004\065}{}% 22
\BOOKMARK [1][-]{section*.8}{\376\377\004\041\004\077\004\070\004\101\004\076\004\072\000\040\004\073\004\070\004\102\004\065\004\100\004\060\004\102\004\103\004\100\004\113}{}% 23
